# JRE version: OpenJDK Runtime Environment (8.0_152-b01) (build 1.8.0_152-release-1024-b01)
# Java VM: OpenJDK 64-Bit Server VM (25.152-b01 mixed mode linux-amd64 compressed oops)
Heap:
 PSYoungGen      total 430080K, used 29670K [0x00000000e0000000, 0x00000000fc100000, 0x0000000100000000)
  eden space 400384K, 0% used [0x00000000e0000000,0x00000000e0000000,0x00000000f8700000)
  from space 29696K, 99% used [0x00000000f8700000,0x00000000fa3f9b88,0x00000000fa400000)
  to   space 16384K, 0% used [0x00000000fb100000,0x00000000fb100000,0x00000000fc100000)
 ParOldGen       total 115200K, used 107754K [0x00000000a0000000, 0x00000000a7080000, 0x00000000e0000000)
  object space 115200K, 93% used [0x00000000a0000000,0x00000000a693abe8,0x00000000a7080000)
 Metaspace       used 71322K, capacity 73944K, committed 74200K, reserved 1114112K
  class space    used 9116K, capacity 9659K, committed 9728K, reserved 1048576K
GC Heap History (10 events):
Event: 18.275 GC heap after
Heap after GC invocations=13 (full 3):
 PSYoungGen      total 266752K, used 0K [0x00000000e0000000, 0x00000000f2b80000, 0x0000000100000000)
  eden space 245248K, 0% used [0x00000000e0000000,0x00000000e0000000,0x00000000eef80000)
  from space 21504K, 0% used [0x00000000f0500000,0x00000000f0500000,0x00000000f1a00000)
  to   space 22016K, 0% used [0x00000000eef80000,0x00000000eef80000,0x00000000f0500000)
 ParOldGen       total 115200K, used 38228K [0x00000000a0000000, 0x00000000a7080000, 0x00000000e0000000)
  object space 115200K, 33% used [0x00000000a0000000,0x00000000a2555080,0x00000000a7080000)
 Metaspace       used 57190K, capacity 58838K, committed 59028K, reserved 1099776K
  class space    used 7750K, capacity 8114K, committed 8192K, reserved 1048576K
}
Event: 21.880 GC heap before
{Heap before GC invocations=14 (full 3):
 PSYoungGen      total 266752K, used 245248K [0x00000000e0000000, 0x00000000f2b80000, 0x0000000100000000)
  eden space 245248K, 100% used [0x00000000e0000000,0x00000000eef80000,0x00000000eef80000)
  from space 21504K, 0% used [0x00000000f0500000,0x00000000f0500000,0x00000000f1a00000)
  to   space 22016K, 0% used [0x00000000eef80000,0x00000000eef80000,0x00000000f0500000)
 ParOldGen       total 115200K, used 38228K [0x00000000a0000000, 0x00000000a7080000, 0x00000000e0000000)
  object space 115200K, 33% used [0x00000000a0000000,0x00000000a2555080,0x00000000a7080000)
 Metaspace       used 63766K, capacity 65574K, committed 65880K, reserved 1105920K
  class space    used 8383K, capacity 8808K, committed 8832K, reserved 1048576K
Event: 21.930 GC heap after
Heap after GC invocations=14 (full 3):
 PSYoungGen      total 267264K, used 22015K [0x00000000e0000000, 0x00000000f7580000, 0x0000000100000000)
  eden space 245248K, 0% used [0x00000000e0000000,0x00000000e0000000,0x00000000eef80000)
  from space 22016K, 99% used [0x00000000eef80000,0x00000000f04ffc80,0x00000000f0500000)
  to   space 32768K, 0% used [0x00000000f5580000,0x00000000f5580000,0x00000000f7580000)
 ParOldGen       total 115200K, used 59023K [0x00000000a0000000, 0x00000000a7080000, 0x00000000e0000000)
  object space 115200K, 51% used [0x00000000a0000000,0x00000000a39a3e28,0x00000000a7080000)
 Metaspace       used 63766K, capacity 65574K, committed 65880K, reserved 1105920K
  class space    used 8383K, capacity 8808K, committed 8832K, reserved 1048576K
}
Event: 23.638 GC heap before
{Heap before GC invocations=15 (full 3):
 PSYoungGen      total 267264K, used 267146K [0x00000000e0000000, 0x00000000f7580000, 0x0000000100000000)
  eden space 245248K, 99% used [0x00000000e0000000,0x00000000eef62df0,0x00000000eef80000)
  from space 22016K, 99% used [0x00000000eef80000,0x00000000f04ffc80,0x00000000f0500000)
  to   space 32768K, 0% used [0x00000000f5580000,0x00000000f5580000,0x00000000f7580000)
 ParOldGen       total 115200K, used 59023K [0x00000000a0000000, 0x00000000a7080000, 0x00000000e0000000)
  object space 115200K, 51% used [0x00000000a0000000,0x00000000a39a3e28,0x00000000a7080000)
 Metaspace       used 65107K, capacity 67130K, committed 67416K, reserved 1107968K
  class space    used 8537K, capacity 9000K, committed 9088K, reserved 1048576K
Event: 23.661 GC heap after
Heap after GC invocations=15 (full 3):
 PSYoungGen      total 341504K, used 11985K [0x00000000e0000000, 0x00000000f7000000, 0x0000000100000000)
  eden space 314368K, 0% used [0x00000000e0000000,0x00000000e0000000,0x00000000f3300000)
  from space 27136K, 44% used [0x00000000f5580000,0x00000000f6134500,0x00000000f7000000)
  to   space 31232K, 0% used [0x00000000f3300000,0x00000000f3300000,0x00000000f5180000)
 ParOldGen       total 115200K, used 80854K [0x00000000a0000000, 0x00000000a7080000, 0x00000000e0000000)
  object space 115200K, 70% used [0x00000000a0000000,0x00000000a4ef5980,0x00000000a7080000)
 Metaspace       used 65107K, capacity 67130K, committed 67416K, reserved 1107968K
  class space    used 8537K, capacity 9000K, committed 9088K, reserved 1048576K
}
Event: 23.943 GC heap before
{Heap before GC invocations=16 (full 3):
 PSYoungGen      total 341504K, used 325342K [0x00000000e0000000, 0x00000000f7000000, 0x0000000100000000)
  eden space 314368K, 99% used [0x00000000e0000000,0x00000000f32035b0,0x00000000f3300000)
  from space 27136K, 44% used [0x00000000f5580000,0x00000000f6134500,0x00000000f7000000)
  to   space 31232K, 0% used [0x00000000f3300000,0x00000000f3300000,0x00000000f5180000)
 ParOldGen       total 115200K, used 80854K [0x00000000a0000000, 0x00000000a7080000, 0x00000000e0000000)
  object space 115200K, 70% used [0x00000000a0000000,0x00000000a4ef5980,0x00000000a7080000)
 Metaspace       used 65387K, capacity 67482K, committed 67672K, reserved 1107968K
  class space    used 8576K, capacity 9044K, committed 9088K, reserved 1048576K
Event: 23.952 GC heap after
Heap after GC invocations=16 (full 3):
 PSYoungGen      total 345600K, used 5614K [0x00000000e0000000, 0x00000000fcf00000, 0x0000000100000000)
  eden space 314368K, 0% used [0x00000000e0000000,0x00000000e0000000,0x00000000f3300000)
  from space 31232K, 17% used [0x00000000f3300000,0x00000000f387b988,0x00000000f5180000)
  to   space 30720K, 0% used [0x00000000fb100000,0x00000000fb100000,0x00000000fcf00000)
 ParOldGen       total 115200K, used 80862K [0x00000000a0000000, 0x00000000a7080000, 0x00000000e0000000)
  object space 115200K, 70% used [0x00000000a0000000,0x00000000a4ef7980,0x00000000a7080000)
 Metaspace       used 65387K, capacity 67482K, committed 67672K, reserved 1107968K
  class space    used 8576K, capacity 9044K, committed 9088K, reserved 1048576K
}
Event: 31.466 GC heap before
{Heap before GC invocations=17 (full 3):
 PSYoungGen      total 345600K, used 319982K [0x00000000e0000000, 0x00000000fcf00000, 0x0000000100000000)
  eden space 314368K, 100% used [0x00000000e0000000,0x00000000f3300000,0x00000000f3300000)
  from space 31232K, 17% used [0x00000000f3300000,0x00000000f387b988,0x00000000f5180000)
  to   space 30720K, 0% used [0x00000000fb100000,0x00000000fb100000,0x00000000fcf00000)
 ParOldGen       total 115200K, used 80862K [0x00000000a0000000, 0x00000000a7080000, 0x00000000e0000000)
  object space 115200K, 70% used [0x00000000a0000000,0x00000000a4ef7980,0x00000000a7080000)
 Metaspace       used 69782K, capacity 72294K, committed 72536K, reserved 1112064K
  class space    used 9006K, capacity 9532K, committed 9600K, reserved 1048576K
Event: 31.481 GC heap after
Heap after GC invocations=17 (full 3):
 PSYoungGen      total 416768K, used 8919K [0x00000000e0000000, 0x00000000fc100000, 0x0000000100000000)
  eden space 400384K, 0% used [0x00000000e0000000,0x00000000e0000000,0x00000000f8700000)
  from space 16384K, 54% used [0x00000000fb100000,0x00000000fb9b5ed8,0x00000000fc100000)
  to   space 29696K, 0% used [0x00000000f8700000,0x00000000f8700000,0x00000000fa400000)
 ParOldGen       total 115200K, used 81482K [0x00000000a0000000, 0x00000000a7080000, 0x00000000e0000000)
  object space 115200K, 70% used [0x00000000a0000000,0x00000000a4f92a00,0x00000000a7080000)
 Metaspace       used 69782K, capacity 72294K, committed 72536K, reserved 1112064K
  class space    used 9006K, capacity 9532K, committed 9600K, reserved 1048576K
}
Event: 36.274 GC heap before
{Heap before GC invocations=18 (full 3):
 PSYoungGen      total 416768K, used 409303K [0x00000000e0000000, 0x00000000fc100000, 0x0000000100000000)
  eden space 400384K, 100% used [0x00000000e0000000,0x00000000f8700000,0x00000000f8700000)
  from space 16384K, 54% used [0x00000000fb100000,0x00000000fb9b5ed8,0x00000000fc100000)
  to   space 29696K, 0% used [0x00000000f8700000,0x00000000f8700000,0x00000000fa400000)
 ParOldGen       total 115200K, used 81482K [0x00000000a0000000, 0x00000000a7080000, 0x00000000e0000000)
  object space 115200K, 70% used [0x00000000a0000000,0x00000000a4f92a00,0x00000000a7080000)
 Metaspace       used 71322K, capacity 73944K, committed 74200K, reserved 1114112K
  class space    used 9116K, capacity 9659K, committed 9728K, reserved 1048576K

